d:\mohamed\3d maze game\obj\debug\vc143.pdb
d:\mohamed\3d maze game\obj\debug\vc143.idb
d:\mohamed\3d maze game\obj\debug\collision.obj
d:\mohamed\3d maze game\obj\debug\textureloader.obj
d:\mohamed\3d maze game\obj\debug\lighting.obj
d:\mohamed\3d maze game\obj\debug\input.obj
d:\mohamed\3d maze game\obj\debug\renderer.obj
d:\mohamed\3d maze game\obj\debug\camera.obj
d:\mohamed\3d maze game\obj\debug\game.obj
d:\mohamed\3d maze game\obj\debug\main.obj
d:\mohamed\3d maze game\bin\debug\3dmazegame.exe
d:\mohamed\3d maze game\bin\debug\3dmazegame.pdb
d:\mohamed\3d maze game\obj\debug\3dmazegame.ilk
d:\mohamed\3d maze game\obj\debug\3dmazegame.vcxproj.filelistabsolute.txt
d:\mohamed\3d maze game\obj\debug\3dmazegame.tlog\cl.command.1.tlog
d:\mohamed\3d maze game\obj\debug\3dmazegame.tlog\cl.items.tlog
d:\mohamed\3d maze game\obj\debug\3dmazegame.tlog\cl.read.1.tlog
d:\mohamed\3d maze game\obj\debug\3dmazegame.tlog\cl.write.1.tlog
d:\mohamed\3d maze game\obj\debug\3dmazegame.tlog\link.command.1.tlog
d:\mohamed\3d maze game\obj\debug\3dmazegame.tlog\link.read.1.tlog
d:\mohamed\3d maze game\obj\debug\3dmazegame.tlog\link.secondary.1.tlog
d:\mohamed\3d maze game\obj\debug\3dmazegame.tlog\link.write.1.tlog
